Using pre-set license
Built from '2021.3/staging' branch; Version is '2021.3.11f1 (0a5ca18544bf) revision 679073'; Using compiler version '192829333'; Build Type 'Release'
OS: 'Windows 11  (10.0.22621) 64bit Professional' Language: 'en' Physical Memory: 16295 MB
BatchMode: 1, IsHumanControllingUs: 0, StartBugReporterOnCrash: 0, Is64bit: 1, IsPro: 1

COMMAND LINE ARGUMENTS:
C:\Program Files\Unity\Hub\Editor\2021.3.11f1\Editor\Unity.exe
-adb2
-batchMode
-noUpm
-name
AssetImportWorker0
-projectPath
D:/Repositorios/BreakOut/My project
-logFile
Logs/AssetImportWorker0.log
-srvPort
25246
Successfully changed project path to: D:/Repositorios/BreakOut/My project
D:/Repositorios/BreakOut/My project
[UnityMemory] Configuration Parameters - Can be set up in boot.config
    "memorysetup-bucket-allocator-granularity=16"
    "memorysetup-bucket-allocator-bucket-count=8"
    "memorysetup-bucket-allocator-block-size=33554432"
    "memorysetup-bucket-allocator-block-count=8"
    "memorysetup-main-allocator-block-size=16777216"
    "memorysetup-thread-allocator-block-size=16777216"
    "memorysetup-gfx-main-allocator-block-size=16777216"
    "memorysetup-gfx-thread-allocator-block-size=16777216"
    "memorysetup-cache-allocator-block-size=4194304"
    "memorysetup-typetree-allocator-block-size=2097152"
    "memorysetup-profiler-bucket-allocator-granularity=16"
    "memorysetup-profiler-bucket-allocator-bucket-count=8"
    "memorysetup-profiler-bucket-allocator-block-size=33554432"
    "memorysetup-profiler-bucket-allocator-block-count=8"
    "memorysetup-profiler-allocator-block-size=16777216"
    "memorysetup-profiler-editor-allocator-block-size=1048576"
    "memorysetup-temp-allocator-size-main=16777216"
    "memorysetup-job-temp-allocator-block-size=2097152"
    "memorysetup-job-temp-allocator-block-size-background=1048576"
    "memorysetup-job-temp-allocator-reduction-small-platforms=262144"
    "memorysetup-temp-allocator-size-background-worker=32768"
    "memorysetup-temp-allocator-size-job-worker=262144"
    "memorysetup-temp-allocator-size-preload-manager=33554432"
    "memorysetup-temp-allocator-size-nav-mesh-worker=65536"
    "memorysetup-temp-allocator-size-audio-worker=65536"
    "memorysetup-temp-allocator-size-cloud-worker=32768"
    "memorysetup-temp-allocator-size-gi-baking-worker=262144"
    "memorysetup-temp-allocator-size-gfx=262144"
Refreshing native plugins compatible for Editor in 67.38 ms, found 3 plugins.
Preloading 0 native plugins for Editor in 0.00 ms.
Initialize engine version: 2021.3.11f1 (0a5ca18544bf)
[Subsystems] Discovering subsystems at path C:/Program Files/Unity/Hub/Editor/2021.3.11f1/Editor/Data/Resources/UnitySubsystems
[Subsystems] Discovering subsystems at path D:/Repositorios/BreakOut/My project/Assets
GfxDevice: creating device client; threaded=0; jobified=0
Direct3D:
    Version:  Direct3D 11.0 [level 11.1]
    Renderer: NVIDIA GeForce RTX 3060 (ID=0x2487)
    Vendor:   NVIDIA
    VRAM:     12137 MB
    Driver:   30.0.15.1215
Initialize mono
Mono path[0] = 'C:/Program Files/Unity/Hub/Editor/2021.3.11f1/Editor/Data/Managed'
Mono path[1] = 'C:/Program Files/Unity/Hub/Editor/2021.3.11f1/Editor/Data/MonoBleedingEdge/lib/mono/unityjit-win32'
Mono config path = 'C:/Program Files/Unity/Hub/Editor/2021.3.11f1/Editor/Data/MonoBleedingEdge/etc'
Using monoOptions --debugger-agent=transport=dt_socket,embedding=1,server=y,suspend=n,address=127.0.0.1:56292
Begin MonoManager ReloadAssembly
Registering precompiled unity dll's ...
Register platform support module: C:/Program Files/Unity/Hub/Editor/2021.3.11f1/Editor/Data/PlaybackEngines/WindowsStandaloneSupport/UnityEditor.WindowsStandalone.Extensions.dll
Registered in 0.005966 seconds.
Native extension for WindowsStandalone target not found
Refreshing native plugins compatible for Editor in 57.80 ms, found 3 plugins.
Preloading 0 native plugins for Editor in 0.00 ms.
Mono: successfully reloaded assembly
- Completed reload, in  1.107 seconds
Domain Reload Profiling:
	ReloadAssembly (1107ms)
		BeginReloadAssembly (87ms)
			ExecutionOrderSort (0ms)
			DisableScriptedObjects (0ms)
			BackupInstance (0ms)
			ReleaseScriptingObjects (0ms)
			CreateAndSetChildDomain (1ms)
		EndReloadAssembly (934ms)
			LoadAssemblies (84ms)
			RebuildTransferFunctionScriptingTraits (0ms)
			SetupTypeCache (75ms)
			ReleaseScriptCaches (0ms)
			RebuildScriptCaches (19ms)
			SetupLoadedEditorAssemblies (800ms)
				LogAssemblyErrors (0ms)
				InitializePlatformSupportModulesInManaged (603ms)
				SetLoadedEditorAssemblies (0ms)
				RefreshPlugins (58ms)
				BeforeProcessingInitializeOnLoad (1ms)
				ProcessInitializeOnLoadAttributes (101ms)
				ProcessInitializeOnLoadMethodAttributes (36ms)
				AfterProcessingInitializeOnLoad (0ms)
				EditorAssembliesLoaded (0ms)
			ExecutionOrderSort2 (0ms)
			AwakeInstancesAfterBackupRestoration (0ms)
Platform modules already initialized, skipping
Registering precompiled user dll's ...
Registered in 0.004585 seconds.
Begin MonoManager ReloadAssembly
Symbol file LoadedFromMemory doesn't match image D:\Repositorios\BreakOut\My project\Library\PackageCache\com.unity.visualscripting@1.7.8\Editor\VisualScripting.Core\Dependencies\YamlDotNet\Unity.VisualScripting.YamlDotNet.dll
Symbol file LoadedFromMemory doesn't match image D:\Repositorios\BreakOut\My project\Library\PackageCache\com.unity.visualscripting@1.7.8\Editor\VisualScripting.Core\Dependencies\DotNetZip\Unity.VisualScripting.IonicZip.dll
Native extension for WindowsStandalone target not found
Refreshing native plugins compatible for Editor in 0.53 ms, found 3 plugins.
Preloading 0 native plugins for Editor in 0.00 ms.
Mono: successfully reloaded assembly
- Completed reload, in  0.879 seconds
Domain Reload Profiling:
	ReloadAssembly (879ms)
		BeginReloadAssembly (95ms)
			ExecutionOrderSort (0ms)
			DisableScriptedObjects (4ms)
			BackupInstance (0ms)
			ReleaseScriptingObjects (0ms)
			CreateAndSetChildDomain (21ms)
		EndReloadAssembly (695ms)
			LoadAssemblies (80ms)
			RebuildTransferFunctionScriptingTraits (0ms)
			SetupTypeCache (202ms)
			ReleaseScriptCaches (1ms)
			RebuildScriptCaches (98ms)
			SetupLoadedEditorAssemblies (282ms)
				LogAssemblyErrors (0ms)
				InitializePlatformSupportModulesInManaged (4ms)
				SetLoadedEditorAssemblies (0ms)
				RefreshPlugins (1ms)
				BeforeProcessingInitializeOnLoad (72ms)
				ProcessInitializeOnLoadAttributes (171ms)
				ProcessInitializeOnLoadMethodAttributes (25ms)
				AfterProcessingInitializeOnLoad (8ms)
				EditorAssembliesLoaded (0ms)
			ExecutionOrderSort2 (0ms)
			AwakeInstancesAfterBackupRestoration (6ms)
Platform modules already initialized, skipping
========================================================================
Worker process is ready to serve import requests
Launched and connected shader compiler UnityShaderCompiler.exe after 0.05 seconds
Refreshing native plugins compatible for Editor in 1.21 ms, found 3 plugins.
Preloading 0 native plugins for Editor in 0.00 ms.
Unloading 3380 Unused Serialized files (Serialized files now loaded: 0)
Unloading 27 unused Assets / (113.4 KB). Loaded Objects now: 3837.
Memory consumption went from 116.2 MB to 116.1 MB.
Total: 2.813800 ms (FindLiveObjects: 0.267400 ms CreateObjectMapping: 0.083900 ms MarkObjects: 2.372400 ms  DeleteObjects: 0.089100 ms)

AssetImportParameters requested are different than current active one (requested -> active):
  custom:video-decoder-ogg-theora: a1e56fd34408186e4bbccfd4996cb3dc -> 
  custom:container-muxer-webm: aa71ff27fc2769a1b78a27578f13a17b -> 
  custom:container-demuxer-webm: 4f35f7cbe854078d1ac9338744f61a02 -> 
  custom:video-encoder-webm-vp8: eb34c28f22e8b96e1ab97ce403110664 -> 
  custom:audio-encoder-webm-vorbis: bf7c407c2cedff20999df2af8eb42d56 -> 
  custom:framework-win-MediaFoundation: 216162199b28c13a410421893ffa2e32 -> 
  custom:container-demuxer-ogg: 62fdf1f143b41e24485cea50d1cbac27 -> 
  custom:video-decoder-webm-vp8: 9c59270c3fd7afecdb556c50c9e8de78 -> 
  custom:audio-decoder-ogg-vorbis: bf7c407c2cedff20999df2af8eb42d56 -> 
========================================================================
Received Import Request.
  Time since last request: 278639.833735 seconds.
  path: Assets
  artifactKey: Guid(00000000000000001000000000000000) Importer(815301076,1909f56bfc062723c751e8b465ee728b)
Start importing Assets using Guid(00000000000000001000000000000000) Importer(815301076,1909f56bfc062723c751e8b465ee728b)  -> (artifact id: '79842766b460edbeab6a34051e857a80') in 0.010170 seconds 
========================================================================
Received Import Request.
  Time since last request: 1.779930 seconds.
  path: Assets/Scripts
  artifactKey: Guid(f29da2ceb60ac6d499d12493e3f623c4) Importer(815301076,1909f56bfc062723c751e8b465ee728b)
Start importing Assets/Scripts using Guid(f29da2ceb60ac6d499d12493e3f623c4) Importer(815301076,1909f56bfc062723c751e8b465ee728b)  -> (artifact id: '24ee10ea689d3209400007675cd39cab') in 0.004641 seconds 
========================================================================
Received Import Request.
  Time since last request: 272.405091 seconds.
  path: Assets/Materials
  artifactKey: Guid(f97564a5600624841a1b03e8ff974939) Importer(815301076,1909f56bfc062723c751e8b465ee728b)
Start importing Assets/Materials using Guid(f97564a5600624841a1b03e8ff974939) Importer(815301076,1909f56bfc062723c751e8b465ee728b)  -> (artifact id: '5cebd1527805e669339c8d6230efc3a5') in 0.005587 seconds 
========================================================================
Received Import Request.
  Time since last request: 5.690117 seconds.
  path: Assets/Models
  artifactKey: Guid(83be7ff12ec44234c8990b2669ed6b4d) Importer(815301076,1909f56bfc062723c751e8b465ee728b)
Start importing Assets/Models using Guid(83be7ff12ec44234c8990b2669ed6b4d) Importer(815301076,1909f56bfc062723c751e8b465ee728b)  -> (artifact id: '3ea657b2fba75c512ffcf1eac77cd9aa') in 0.005033 seconds 
========================================================================
Received Import Request.
  Time since last request: 6.757275 seconds.
  path: Assets/Audio
  artifactKey: Guid(3a056ed48dd07d74e992ce7829067db2) Importer(815301076,1909f56bfc062723c751e8b465ee728b)
Start importing Assets/Audio using Guid(3a056ed48dd07d74e992ce7829067db2) Importer(815301076,1909f56bfc062723c751e8b465ee728b)  -> (artifact id: '4514a3fb473370e31e1e5d752c372379') in 0.005627 seconds 
========================================================================
Received Import Request.
  Time since last request: 6.653044 seconds.
  path: Assets/Textures
  artifactKey: Guid(8c5dcfcd49f93964189789965a8cb27f) Importer(815301076,1909f56bfc062723c751e8b465ee728b)
Start importing Assets/Textures using Guid(8c5dcfcd49f93964189789965a8cb27f) Importer(815301076,1909f56bfc062723c751e8b465ee728b)  -> (artifact id: '8bcbd216b6974e7f7a704fe1ad595b64') in 0.004624 seconds 
========================================================================
Received Import Request.
  Time since last request: 9.687773 seconds.
  path: Assets/Animation
  artifactKey: Guid(da8299bf5437d014cb0ee5841090d1b9) Importer(815301076,1909f56bfc062723c751e8b465ee728b)
Start importing Assets/Animation using Guid(da8299bf5437d014cb0ee5841090d1b9) Importer(815301076,1909f56bfc062723c751e8b465ee728b)  -> (artifact id: 'a0955057eed2977b45e246d8a306981e') in 0.006487 seconds 
========================================================================
Received Import Request.
  Time since last request: 5.377757 seconds.
  path: Assets/Plugins
  artifactKey: Guid(d97d411b8c0fc504b83e40ac28581551) Importer(815301076,1909f56bfc062723c751e8b465ee728b)
Start importing Assets/Plugins using Guid(d97d411b8c0fc504b83e40ac28581551) Importer(815301076,1909f56bfc062723c751e8b465ee728b)  -> (artifact id: 'd1802a09272986652b97e9bfed8c5457') in 0.004876 seconds 
========================================================================
Received Import Request.
  Time since last request: 103.605663 seconds.
  path: Assets/UI
  artifactKey: Guid(0fb64d4987b858a4b89ec37ac9028d08) Importer(815301076,1909f56bfc062723c751e8b465ee728b)
Start importing Assets/UI using Guid(0fb64d4987b858a4b89ec37ac9028d08) Importer(815301076,1909f56bfc062723c751e8b465ee728b)  -> (artifact id: 'c2a4ed3815e2a70e339b011c8a679b19') in 0.004746 seconds 
========================================================================
Received Import Request.
  Time since last request: 7.085870 seconds.
  path: Assets/UI/Images
  artifactKey: Guid(701cf12a99e79cc4ba8bfd8e09b95b38) Importer(815301076,1909f56bfc062723c751e8b465ee728b)
Start importing Assets/UI/Images using Guid(701cf12a99e79cc4ba8bfd8e09b95b38) Importer(815301076,1909f56bfc062723c751e8b465ee728b)  -> (artifact id: '479b3f3428a60a8ed5f0ec6162eb45f0') in 0.004860 seconds 
========================================================================
Received Import Request.
  Time since last request: 4.487655 seconds.
  path: Assets/UI/Text
  artifactKey: Guid(b9ecf4c9cee2669479863e14b8aca206) Importer(815301076,1909f56bfc062723c751e8b465ee728b)
Start importing Assets/UI/Text using Guid(b9ecf4c9cee2669479863e14b8aca206) Importer(815301076,1909f56bfc062723c751e8b465ee728b)  -> (artifact id: 'cbe52be153cb777894044aeb884e9096') in 0.004450 seconds 
========================================================================
Received Import Request.
  Time since last request: 5.319889 seconds.
  path: Assets/UI/Buttons
  artifactKey: Guid(58d9e33bf6d14564d828b080c5c8382f) Importer(815301076,1909f56bfc062723c751e8b465ee728b)
Start importing Assets/UI/Buttons using Guid(58d9e33bf6d14564d828b080c5c8382f) Importer(815301076,1909f56bfc062723c751e8b465ee728b)  -> (artifact id: 'c0aabb62a021208861b400b0733e2efa') in 0.005178 seconds 
========================================================================
Received Import Request.
  Time since last request: 15.999455 seconds.
  path: Assets/Audio/SFX
  artifactKey: Guid(324363ac3881c2544bc2859dba337cf1) Importer(815301076,1909f56bfc062723c751e8b465ee728b)
Start importing Assets/Audio/SFX using Guid(324363ac3881c2544bc2859dba337cf1) Importer(815301076,1909f56bfc062723c751e8b465ee728b)  -> (artifact id: '973abe18246741df0e467989bc2ed044') in 0.004457 seconds 
========================================================================
Received Import Request.
  Time since last request: 5.675142 seconds.
  path: Assets/Audio/Music
  artifactKey: Guid(d3b4eb47d5b51e94cafcefeaa6b5b159) Importer(815301076,1909f56bfc062723c751e8b465ee728b)
Start importing Assets/Audio/Music using Guid(d3b4eb47d5b51e94cafcefeaa6b5b159) Importer(815301076,1909f56bfc062723c751e8b465ee728b)  -> (artifact id: 'b8e1801fc6e9cccbd7a98d1a3f559191') in 0.004384 seconds 
========================================================================
Received Import Request.
  Time since last request: 8.644824 seconds.
  path: Assets/Audio/Voices
  artifactKey: Guid(cc265460d824f804c804f604e46a347e) Importer(815301076,1909f56bfc062723c751e8b465ee728b)
Start importing Assets/Audio/Voices using Guid(cc265460d824f804c804f604e46a347e) Importer(815301076,1909f56bfc062723c751e8b465ee728b)  -> (artifact id: 'ba2676ddbc23ca0fddbfb32486eb4f9a') in 0.005489 seconds 
========================================================================
Received Import Request.
  Time since last request: 110.924035 seconds.
  path: Assets/Scripts/Character
  artifactKey: Guid(e24e32517bc612c43971b739e34430b6) Importer(815301076,1909f56bfc062723c751e8b465ee728b)
Start importing Assets/Scripts/Character using Guid(e24e32517bc612c43971b739e34430b6) Importer(815301076,1909f56bfc062723c751e8b465ee728b)  -> (artifact id: '83531b7105aed6011d95f4ae91ce70e5') in 0.004805 seconds 
========================================================================
Received Import Request.
  Time since last request: 5.742723 seconds.
  path: Assets/Scripts/PlayerControl
  artifactKey: Guid(ac90bc95885f8f048ba84a0c4bc3a8c8) Importer(815301076,1909f56bfc062723c751e8b465ee728b)
Start importing Assets/Scripts/PlayerControl using Guid(ac90bc95885f8f048ba84a0c4bc3a8c8) Importer(815301076,1909f56bfc062723c751e8b465ee728b)  -> (artifact id: 'a49e378f989c7fb22cdbee299493af0a') in 0.004817 seconds 
========================================================================
Received Import Request.
  Time since last request: 4.014151 seconds.
  path: Assets/Scripts/UI
  artifactKey: Guid(a8dc8f281952b4f4eb80033014f9ba00) Importer(815301076,1909f56bfc062723c751e8b465ee728b)
Start importing Assets/Scripts/UI using Guid(a8dc8f281952b4f4eb80033014f9ba00) Importer(815301076,1909f56bfc062723c751e8b465ee728b)  -> (artifact id: '6a7fbd210579eb76481b0dde5b2e7d4a') in 0.001999 seconds 
========================================================================
Received Import Request.
  Time since last request: 241.561931 seconds.
  path: Assets/Scripts/PlayerControl/PlayerMovement.cs
  artifactKey: Guid(0fec2320234e1434186093f7c1d9fe71) Importer(815301076,1909f56bfc062723c751e8b465ee728b)
Start importing Assets/Scripts/PlayerControl/PlayerMovement.cs using Guid(0fec2320234e1434186093f7c1d9fe71) Importer(815301076,1909f56bfc062723c751e8b465ee728b)  -> (artifact id: '66bc56c07a8e7467c91674f65cf93bb8') in 0.238643 seconds 
========================================================================
Received Prepare
Registering precompiled user dll's ...
Registered in 0.004323 seconds.
Begin MonoManager ReloadAssembly
Symbol file LoadedFromMemory doesn't match image D:\Repositorios\BreakOut\My project\Library\PackageCache\com.unity.visualscripting@1.7.8\Editor\VisualScripting.Core\Dependencies\YamlDotNet\Unity.VisualScripting.YamlDotNet.dll
Symbol file LoadedFromMemory doesn't match image D:\Repositorios\BreakOut\My project\Library\PackageCache\com.unity.visualscripting@1.7.8\Editor\VisualScripting.Core\Dependencies\DotNetZip\Unity.VisualScripting.IonicZip.dll
Native extension for WindowsStandalone target not found
Refreshing native plugins compatible for Editor in 0.64 ms, found 3 plugins.
Preloading 0 native plugins for Editor in 0.00 ms.
Mono: successfully reloaded assembly
- Completed reload, in  1.167 seconds
Domain Reload Profiling:
	ReloadAssembly (1168ms)
		BeginReloadAssembly (273ms)
			ExecutionOrderSort (0ms)
			DisableScriptedObjects (10ms)
			BackupInstance (0ms)
			ReleaseScriptingObjects (0ms)
			CreateAndSetChildDomain (100ms)
		EndReloadAssembly (788ms)
			LoadAssemblies (145ms)
			RebuildTransferFunctionScriptingTraits (0ms)
			SetupTypeCache (289ms)
			ReleaseScriptCaches (2ms)
			RebuildScriptCaches (37ms)
			SetupLoadedEditorAssemblies (321ms)
				LogAssemblyErrors (0ms)
				InitializePlatformSupportModulesInManaged (10ms)
				SetLoadedEditorAssemblies (0ms)
				RefreshPlugins (1ms)
				BeforeProcessingInitializeOnLoad (60ms)
				ProcessInitializeOnLoadAttributes (207ms)
				ProcessInitializeOnLoadMethodAttributes (30ms)
				AfterProcessingInitializeOnLoad (12ms)
				EditorAssembliesLoaded (0ms)
			ExecutionOrderSort2 (0ms)
			AwakeInstancesAfterBackupRestoration (8ms)
Platform modules already initialized, skipping
Refreshing native plugins compatible for Editor in 2.48 ms, found 3 plugins.
Preloading 0 native plugins for Editor in 0.00 ms.
Unloading 3376 Unused Serialized files (Serialized files now loaded: 0)
Unloading 20 unused Assets / (79.7 KB). Loaded Objects now: 3841.
Memory consumption went from 116.1 MB to 116.1 MB.
Total: 6.659200 ms (FindLiveObjects: 2.252800 ms CreateObjectMapping: 0.214000 ms MarkObjects: 4.033400 ms  DeleteObjects: 0.156500 ms)

AssetImportParameters requested are different than current active one (requested -> active):
  custom:video-decoder-ogg-theora: a1e56fd34408186e4bbccfd4996cb3dc -> 
  custom:container-muxer-webm: aa71ff27fc2769a1b78a27578f13a17b -> 
  custom:container-demuxer-webm: 4f35f7cbe854078d1ac9338744f61a02 -> 
  custom:video-encoder-webm-vp8: eb34c28f22e8b96e1ab97ce403110664 -> 
  custom:audio-encoder-webm-vorbis: bf7c407c2cedff20999df2af8eb42d56 -> 
  custom:framework-win-MediaFoundation: 216162199b28c13a410421893ffa2e32 -> 
  custom:container-demuxer-ogg: 62fdf1f143b41e24485cea50d1cbac27 -> 
  custom:video-decoder-webm-vp8: 9c59270c3fd7afecdb556c50c9e8de78 -> 
  custom:audio-decoder-ogg-vorbis: bf7c407c2cedff20999df2af8eb42d56 -> 
